<?xml version="1.0" encoding="UTF-8"?>
<!-- Generated by org.testng.reporters.JUnitReportReporter -->
<testsuite hostname="PMKLIMOV-PC" name="ru.katarsis.lyra.service.TestDesicionTreeService" tests="1" failures="0" timestamp="15 Jul 2016 11:38:15 GMT" time="0.020" errors="0">
  <testcase name="testEmailGenerator" time="0.020" classname="ru.katarsis.lyra.service.TestDesicionTreeService"/>
</testsuite> <!-- ru.katarsis.lyra.service.TestDesicionTreeService -->
