<?xml version="1.0" encoding="UTF-8"?>
<!-- Generated by org.testng.reporters.JUnitReportReporter -->
<testsuite hostname="PMKLIMOV-PC" name="ru.katarsis.lyra.service.TestDesicionTreeService" tests="1" failures="0" timestamp="26 Oct 2016 12:47:35 GMT" time="0.015" errors="0">
  <testcase name="testDecisionGenerator" time="0.015" classname="ru.katarsis.lyra.service.TestDesicionTreeService"/>
</testsuite> <!-- ru.katarsis.lyra.service.TestDesicionTreeService -->
