<?xml version="1.0" encoding="UTF-8"?>
<!-- Generated by org.testng.reporters.JUnitReportReporter -->
<testsuite hostname="PMKLIMOV-PC" name="ru.katarsis.lyra.service.TestKmeansService" tests="1" failures="0" timestamp="26 Oct 2016 12:47:35 GMT" time="0.011" errors="0">
  <testcase name="testKmeanClassification" time="0.011" classname="ru.katarsis.lyra.service.TestKmeansService"/>
</testsuite> <!-- ru.katarsis.lyra.service.TestKmeansService -->
